Reading netlist file: "C:\Users\User\Desktop\GOWIN\NCKUES_MMSoC_Class_HDMI_exp\impl\gwsynthesis\hdmi_colorbar.vg"
Parsing netlist file "C:\Users\User\Desktop\GOWIN\NCKUES_MMSoC_Class_HDMI_exp\impl\gwsynthesis\hdmi_colorbar.vg" completed
Processing netlist completed
Reading constraint file: "C:\Users\User\Desktop\GOWIN\NCKUES_MMSoC_Class_HDMI_exp\src\hdmi_colorbar.cst"
Physical Constraint parsed completed
Running placement......
[10%] Placement Phase 0 completed
[20%] Placement Phase 1 completed
[30%] Placement Phase 2 completed
WARN  (TA1118) : the clock "sys_clk"'s frequency does not match rpll_pixel_clk_5x/rpll_inst's param "FCLKIN = "27""
[50%] Placement Phase 3 completed
Running routing......
[60%] Routing Phase 0 completed
[70%] Routing Phase 1 completed
[80%] Routing Phase 2 completed
[90%] Routing Phase 3 completed
Running timing analysis......
[95%] Timing analysis completed
Placement and routing completed
Bitstream generation in progress......
Bitstream generation completed
Running power analysis......
[100%] Power analysis completed
Generate file "C:\Users\User\Desktop\GOWIN\NCKUES_MMSoC_Class_HDMI_exp\impl\pnr\hdmi_colorbar.power.html" completed
Generate file "C:\Users\User\Desktop\GOWIN\NCKUES_MMSoC_Class_HDMI_exp\impl\pnr\hdmi_colorbar.pin.html" completed
Generate file "C:\Users\User\Desktop\GOWIN\NCKUES_MMSoC_Class_HDMI_exp\impl\pnr\hdmi_colorbar.rpt.html" completed
Generate file "C:\Users\User\Desktop\GOWIN\NCKUES_MMSoC_Class_HDMI_exp\impl\pnr\hdmi_colorbar.rpt.txt" completed
Generate file "C:\Users\User\Desktop\GOWIN\NCKUES_MMSoC_Class_HDMI_exp\impl\pnr\hdmi_colorbar.tr.html" completed
Fri Feb 23 22:51:16 2024

